<?xml version="1.0" encoding="UTF-8"?>
<!-- Generated by org.testng.reporters.JUnitXMLReporter -->
<testsuite hostname="LAPTOP-AG8IO77N" ignored="0" name="Test1" tests="2" failures="1" timestamp="05 Jan 2018 01:47:53 GMT" time="1.708" errors="0">
  <testcase name="feature" time="0.888" classname="cucumber.api.testng.AbstractTestNGCucumberTests">
    <failure type="cucumber.runtime.CucumberException" message="java.lang.AssertionError: Failure: I was expecting 1 to be equal to 2 expected [true] but found [false]
Reproduction Seed: ...
Country: ...">
      <![CDATA[cucumber.runtime.CucumberException: java.lang.AssertionError: Failure: I was expecting 1 to be equal to 2 expected [true] but found [false]Reproduction Seed: ...Country: ...at cucumber.api.testng.TestNGCucumberRunner.runCucumber(TestNGCucumberRunner.java:69)at cucumber.api.testng.AbstractTestNGCucumberTests.feature(AbstractTestNGCucumberTests.java:21)Caused by: java.lang.AssertionError: Failure: I was expecting 1 to be equal to 2 expected [true] but found [false]at com.cucumber.test.StepDefinitions.user_navigates_to_URL_with_excel_row_dataset(StepDefinitions.java:54)at âœ½.Given User navigates to URL with excel row "1" dataset(src/test/resources/login.feature:23)... Removed 31 stack frames]]>
    </failure>
  </testcase> <!-- feature -->
  <testcase name="test" time="0.001" classname="com.cucumber.runner.TestRunnerDemo"/>
</testsuite> <!-- Test1 -->
