<?xml version="1.0" encoding="UTF-8"?>
<testng-results skipped="0" failed="1" ignored="0" total="3" passed="2">
  <reporter-output>
  </reporter-output>
  <suite name="Suite" duration-ms="13165" started-at="2018-01-05T01:47:51Z" finished-at="2018-01-05T01:48:04Z">
    <groups>
      <group name="cucumber">
        <method signature="AbstractTestNGCucumberTests.feature(cucumber.api.testng.CucumberFeatureWrapper)[pri:0, instance:com.cucumber.runner.TestRunnerDemo@5315b42e]" name="feature" class="cucumber.api.testng.AbstractTestNGCucumberTests"/>
        <method signature="AbstractTestNGCucumberTests.feature(cucumber.api.testng.CucumberFeatureWrapper)[pri:0, instance:com.cucumber.runner.TestRunnerDemo2@4590c9c3]" name="feature" class="cucumber.api.testng.AbstractTestNGCucumberTests"/>
      </group> <!-- cucumber -->
    </groups>
    <test name="Test1" duration-ms="1708" started-at="2018-01-05T01:47:51Z" finished-at="2018-01-05T01:47:53Z">
      <class name="com.cucumber.runner.TestRunnerDemo">
        <test-method status="PASS" signature="setUpClass()[pri:0, instance:com.cucumber.runner.TestRunnerDemo@5315b42e]" name="setUpClass" is-config="true" duration-ms="236" started-at="2018-01-04T18:47:51Z" finished-at="2018-01-04T18:47:51Z">
          <reporter-output>
          </reporter-output>
        </test-method> <!-- setUpClass -->
        <test-method status="PASS" signature="setUp()[pri:0, instance:com.cucumber.runner.TestRunnerDemo@5315b42e]" name="setUp" is-config="true" duration-ms="27" started-at="2018-01-04T18:47:51Z" finished-at="2018-01-04T18:47:51Z">
          <reporter-output>
          </reporter-output>
        </test-method> <!-- setUp -->
        <test-method status="FAIL" signature="feature(cucumber.api.testng.CucumberFeatureWrapper)[pri:0, instance:com.cucumber.runner.TestRunnerDemo@5315b42e]" name="feature" duration-ms="888" started-at="2018-01-04T18:47:51Z" description="Runs Cucumber Feature" data-provider="features" finished-at="2018-01-04T18:47:52Z">
          <params>
            <param index="0">
              <value>
                <![CDATA[About Smoke Login Functionality]]>
              </value>
            </param>
          </params>
          <exception class="cucumber.runtime.CucumberException">
            <message>
              <![CDATA[java.lang.AssertionError: Failure: I was expecting 1 to be equal to 2 expected [true] but found [false]Reproduction Seed: ...Country: ...]]>
            </message>
            <full-stacktrace>
              <![CDATA[cucumber.runtime.CucumberException: java.lang.AssertionError: Failure: I was expecting 1 to be equal to 2 expected [true] but found [false]Reproduction Seed: ...Country: ...at cucumber.api.testng.TestNGCucumberRunner.runCucumber(TestNGCucumberRunner.java:69)at cucumber.api.testng.AbstractTestNGCucumberTests.feature(AbstractTestNGCucumberTests.java:21)at sun.reflect.NativeMethodAccessorImpl.invoke0(Native Method)at sun.reflect.NativeMethodAccessorImpl.invoke(NativeMethodAccessorImpl.java:62)at sun.reflect.DelegatingMethodAccessorImpl.invoke(DelegatingMethodAccessorImpl.java:43)at java.lang.reflect.Method.invoke(Method.java:498)at org.testng.internal.MethodInvocationHelper.invokeMethod(MethodInvocationHelper.java:124)at org.testng.internal.Invoker.invokeMethod(Invoker.java:571)at org.testng.internal.Invoker.invokeTestMethod(Invoker.java:707)at org.testng.internal.Invoker.invokeTestMethods(Invoker.java:979)at org.testng.internal.TestMethodWorker.invokeTestMethods(TestMethodWorker.java:125)at org.testng.internal.TestMethodWorker.run(TestMethodWorker.java:109)at org.testng.TestRunner.privateRun(TestRunner.java:648)at org.testng.TestRunner.run(TestRunner.java:505)at org.testng.SuiteRunner.runTest(SuiteRunner.java:455)at org.testng.SuiteRunner.runSequentially(SuiteRunner.java:450)at org.testng.SuiteRunner.privateRun(SuiteRunner.java:415)at org.testng.SuiteRunner.run(SuiteRunner.java:364)at org.testng.SuiteRunnerWorker.runSuite(SuiteRunnerWorker.java:52)at org.testng.SuiteRunnerWorker.run(SuiteRunnerWorker.java:84)at org.testng.TestNG.runSuitesSequentially(TestNG.java:1187)at org.testng.TestNG.runSuitesLocally(TestNG.java:1116)at org.testng.TestNG.runSuites(TestNG.java:1028)at org.testng.TestNG.run(TestNG.java:996)at org.apache.maven.surefire.testng.TestNGExecutor.run(TestNGExecutor.java:295)at org.apache.maven.surefire.testng.TestNGXmlTestSuite.execute(TestNGXmlTestSuite.java:84)at org.apache.maven.surefire.testng.TestNGProvider.invoke(TestNGProvider.java:90)at org.apache.maven.surefire.booter.ForkedBooter.invokeProviderInSameClassLoader(ForkedBooter.java:203)at org.apache.maven.surefire.booter.ForkedBooter.runSuitesInProcess(ForkedBooter.java:155)at org.apache.maven.surefire.booter.ForkedBooter.main(ForkedBooter.java:103)Caused by: java.lang.AssertionError: Failure: I was expecting 1 to be equal to 2 expected [true] but found [false]at org.testng.Assert.fail(Assert.java:96)at org.testng.Assert.failNotEquals(Assert.java:776)at org.testng.Assert.assertTrue(Assert.java:44)at com.cucumber.test.StepDefinitions.user_navigates_to_URL_with_excel_row_dataset(StepDefinitions.java:54)at âœ½.Given User navigates to URL with excel row "1" dataset(src/test/resources/login.feature:23)]]>
            </full-stacktrace>
          </exception> <!-- cucumber.runtime.CucumberException -->
          <reporter-output>
          </reporter-output>
        </test-method> <!-- feature -->
        <test-method status="PASS" signature="test()[pri:0, instance:com.cucumber.runner.TestRunnerDemo@5315b42e]" name="test" duration-ms="1" started-at="2018-01-04T18:47:52Z" finished-at="2018-01-04T18:47:52Z">
          <reporter-output>
          </reporter-output>
        </test-method> <!-- test -->
        <test-method status="PASS" signature="reportSetup()[pri:0, instance:com.cucumber.runner.TestRunnerDemo@5315b42e]" name="reportSetup" is-config="true" duration-ms="8" started-at="2018-01-04T18:47:52Z" finished-at="2018-01-04T18:47:52Z">
          <reporter-output>
          </reporter-output>
        </test-method> <!-- reportSetup -->
        <test-method status="PASS" signature="tearDownClass()[pri:0, instance:com.cucumber.runner.TestRunnerDemo@5315b42e]" name="tearDownClass" is-config="true" duration-ms="396" started-at="2018-01-04T18:47:52Z" finished-at="2018-01-04T18:47:53Z">
          <reporter-output>
          </reporter-output>
        </test-method> <!-- tearDownClass -->
      </class> <!-- com.cucumber.runner.TestRunnerDemo -->
    </test> <!-- Test1 -->
    <test name="Test2" duration-ms="11344" started-at="2018-01-05T01:47:53Z" finished-at="2018-01-05T01:48:04Z">
      <class name="com.cucumber.runner.TestRunnerDemo2">
        <test-method status="PASS" signature="setUpClass()[pri:0, instance:com.cucumber.runner.TestRunnerDemo2@4590c9c3]" name="setUpClass" is-config="true" duration-ms="17" started-at="2018-01-04T18:47:53Z" finished-at="2018-01-04T18:47:53Z">
          <reporter-output>
          </reporter-output>
        </test-method> <!-- setUpClass -->
        <test-method status="PASS" signature="setUp()[pri:0, instance:com.cucumber.runner.TestRunnerDemo2@4590c9c3]" name="setUp" is-config="true" duration-ms="0" started-at="2018-01-04T18:47:53Z" finished-at="2018-01-04T18:47:53Z">
          <reporter-output>
          </reporter-output>
        </test-method> <!-- setUp -->
        <test-method status="PASS" signature="feature(cucumber.api.testng.CucumberFeatureWrapper)[pri:0, instance:com.cucumber.runner.TestRunnerDemo2@4590c9c3]" name="feature" duration-ms="11235" started-at="2018-01-04T18:47:53Z" description="Runs Cucumber Feature" data-provider="features" finished-at="2018-01-04T18:48:04Z">
          <params>
            <param index="0">
              <value>
                <![CDATA[Title of your feature]]>
              </value>
            </param>
          </params>
          <reporter-output>
          </reporter-output>
        </test-method> <!-- feature -->
        <test-method status="PASS" signature="reportSetup()[pri:0, instance:com.cucumber.runner.TestRunnerDemo2@4590c9c3]" name="reportSetup" is-config="true" duration-ms="4" started-at="2018-01-04T18:48:04Z" finished-at="2018-01-04T18:48:04Z">
          <reporter-output>
          </reporter-output>
        </test-method> <!-- reportSetup -->
        <test-method status="PASS" signature="tearDownClass()[pri:0, instance:com.cucumber.runner.TestRunnerDemo2@4590c9c3]" name="tearDownClass" is-config="true" duration-ms="83" started-at="2018-01-04T18:48:04Z" finished-at="2018-01-04T18:48:04Z">
          <reporter-output>
          </reporter-output>
        </test-method> <!-- tearDownClass -->
      </class> <!-- com.cucumber.runner.TestRunnerDemo2 -->
      <class name="com.cucumber.runner.TestRunnerDemo">
        <test-method status="PASS" signature="generateReport()[pri:0, instance:com.cucumber.runner.TestRunnerDemo@5315b42e]" name="generateReport" is-config="true" duration-ms="0" started-at="2018-01-04T18:48:04Z" finished-at="2018-01-04T18:48:04Z">
          <reporter-output>
          </reporter-output>
        </test-method> <!-- generateReport -->
        <test-method status="PASS" signature="generateReport()[pri:0, instance:com.cucumber.runner.TestRunnerDemo2@4590c9c3]" name="generateReport" is-config="true" duration-ms="0" started-at="2018-01-04T18:48:04Z" finished-at="2018-01-04T18:48:04Z">
          <reporter-output>
          </reporter-output>
        </test-method> <!-- generateReport -->
      </class> <!-- com.cucumber.runner.TestRunnerDemo -->
    </test> <!-- Test2 -->
  </suite> <!-- Suite -->
</testng-results>
